# JRE version: Java(TM) SE Runtime Environment (17.0.12+8) (build 17.0.12+8-LTS-286)
# Java VM: Java HotSpot(TM) 64-Bit Server VM (17.0.12+8-LTS-286, mixed mode, sharing, tiered, compressed oops, compressed class ptrs, g1 gc, windows-amd64)
GC Precious Log:
 CPUs: 16 total, 16 available
 Memory: 14055M
 Large Page Support: Disabled
 NUMA Support: Disabled
 Compressed Oops: Enabled (32-bit)
 Heap Region Size: 1M
 Heap Min Capacity: 8M
 Heap Initial Capacity: 220M
 Heap Max Capacity: 2G
 Pre-touch: Disabled
 Parallel Workers: 13
 Concurrent Workers: 3
 Concurrent Refinement Workers: 13
 Periodic GC: Disabled
Heap:
 garbage-first heap   total 291840K, used 180545K [0x0000000080000000, 0x0000000100000000)
  region size 1024K, 9 young (9216K), 9 survivors (9216K)
 Metaspace       used 125321K, committed 126464K, reserved 1179648K
  class space    used 16721K, committed 17280K, reserved 1048576K
GC Heap History (20 events):
Event: 36.967 GC heap after
{Heap after GC invocations=59 (full 0):
 garbage-first heap   total 229376K, used 153882K [0x0000000080000000, 0x0000000100000000)
  region size 1024K, 3 young (3072K), 3 survivors (3072K)
 Metaspace       used 97571K, committed 98560K, reserved 1179648K
  class space    used 13578K, committed 14080K, reserved 1048576K
}
Event: 38.296 GC heap before
{Heap before GC invocations=59 (full 0):
 garbage-first heap   total 229376K, used 192794K [0x0000000080000000, 0x0000000100000000)
  region size 1024K, 37 young (37888K), 3 survivors (3072K)
 Metaspace       used 104898K, committed 105856K, reserved 1179648K
  class space    used 14389K, committed 14848K, reserved 1048576K
}
Event: 38.301 GC heap after
{Heap after GC invocations=60 (full 0):
 garbage-first heap   total 229376K, used 155145K [0x0000000080000000, 0x0000000100000000)
  region size 1024K, 3 young (3072K), 3 survivors (3072K)
 Metaspace       used 104898K, committed 105856K, reserved 1179648K
  class space    used 14389K, committed 14848K, reserved 1048576K
}
Event: 39.216 GC heap before
{Heap before GC invocations=60 (full 0):
 garbage-first heap   total 229376K, used 193033K [0x0000000080000000, 0x0000000100000000)
  region size 1024K, 37 young (37888K), 3 survivors (3072K)
 Metaspace       used 106682K, committed 107712K, reserved 1179648K
  class space    used 14581K, committed 15104K, reserved 1048576K
}
Event: 39.223 GC heap after
{Heap after GC invocations=61 (full 0):
 garbage-first heap   total 229376K, used 167214K [0x0000000080000000, 0x0000000100000000)
  region size 1024K, 5 young (5120K), 5 survivors (5120K)
 Metaspace       used 106682K, committed 107712K, reserved 1179648K
  class space    used 14581K, committed 15104K, reserved 1048576K
}
Event: 39.597 GC heap before
{Heap before GC invocations=61 (full 0):
 garbage-first heap   total 229376K, used 190766K [0x0000000080000000, 0x0000000100000000)
  region size 1024K, 26 young (26624K), 5 survivors (5120K)
 Metaspace       used 108806K, committed 109888K, reserved 1179648K
  class space    used 14685K, committed 15232K, reserved 1048576K
}
Event: 39.605 GC heap after
{Heap after GC invocations=62 (full 0):
 garbage-first heap   total 229376K, used 172138K [0x0000000080000000, 0x0000000100000000)
  region size 1024K, 3 young (3072K), 3 survivors (3072K)
 Metaspace       used 108806K, committed 109888K, reserved 1179648K
  class space    used 14685K, committed 15232K, reserved 1048576K
}
Event: 39.702 GC heap before
{Heap before GC invocations=62 (full 0):
 garbage-first heap   total 229376K, used 174186K [0x0000000080000000, 0x0000000100000000)
  region size 1024K, 6 young (6144K), 3 survivors (3072K)
 Metaspace       used 109471K, committed 110528K, reserved 1179648K
  class space    used 14759K, committed 15296K, reserved 1048576K
}
Event: 39.706 GC heap after
{Heap after GC invocations=63 (full 0):
 garbage-first heap   total 229376K, used 172742K [0x0000000080000000, 0x0000000100000000)
  region size 1024K, 1 young (1024K), 1 survivors (1024K)
 Metaspace       used 109471K, committed 110528K, reserved 1179648K
  class space    used 14759K, committed 15296K, reserved 1048576K
}
Event: 40.195 GC heap before
{Heap before GC invocations=64 (full 0):
 garbage-first heap   total 291840K, used 191174K [0x0000000080000000, 0x0000000100000000)
  region size 1024K, 21 young (21504K), 1 survivors (1024K)
 Metaspace       used 112927K, committed 113984K, reserved 1179648K
  class space    used 15167K, committed 15680K, reserved 1048576K
}
Event: 40.199 GC heap after
{Heap after GC invocations=65 (full 0):
 garbage-first heap   total 291840K, used 174090K [0x0000000080000000, 0x0000000100000000)
  region size 1024K, 3 young (3072K), 3 survivors (3072K)
 Metaspace       used 112927K, committed 113984K, reserved 1179648K
  class space    used 15167K, committed 15680K, reserved 1048576K
}
Event: 40.467 GC heap before
{Heap before GC invocations=65 (full 0):
 garbage-first heap   total 291840K, used 184330K [0x0000000080000000, 0x0000000100000000)
  region size 1024K, 14 young (14336K), 3 survivors (3072K)
 Metaspace       used 114393K, committed 115456K, reserved 1179648K
  class space    used 15355K, committed 15872K, reserved 1048576K
}
Event: 40.478 GC heap after
{Heap after GC invocations=66 (full 0):
 garbage-first heap   total 291840K, used 162000K [0x0000000080000000, 0x0000000100000000)
  region size 1024K, 1 young (1024K), 1 survivors (1024K)
 Metaspace       used 114393K, committed 115456K, reserved 1179648K
  class space    used 15355K, committed 15872K, reserved 1048576K
}
Event: 44.874 GC heap before
{Heap before GC invocations=66 (full 0):
 garbage-first heap   total 291840K, used 237776K [0x0000000080000000, 0x0000000100000000)
  region size 1024K, 75 young (76800K), 1 survivors (1024K)
 Metaspace       used 118406K, committed 119488K, reserved 1179648K
  class space    used 15911K, committed 16448K, reserved 1048576K
}
Event: 44.880 GC heap after
{Heap after GC invocations=67 (full 0):
 garbage-first heap   total 291840K, used 163095K [0x0000000080000000, 0x0000000100000000)
  region size 1024K, 4 young (4096K), 4 survivors (4096K)
 Metaspace       used 118406K, committed 119488K, reserved 1179648K
  class space    used 15911K, committed 16448K, reserved 1048576K
}
Event: 88.386 GC heap before
{Heap before GC invocations=68 (full 0):
 garbage-first heap   total 291840K, used 249111K [0x0000000080000000, 0x0000000100000000)
  region size 1024K, 80 young (81920K), 4 survivors (4096K)
 Metaspace       used 123428K, committed 124608K, reserved 1179648K
  class space    used 16487K, committed 17088K, reserved 1048576K
}
Event: 88.653 GC heap after
{Heap after GC invocations=69 (full 0):
 garbage-first heap   total 291840K, used 176699K [0x0000000080000000, 0x0000000100000000)
  region size 1024K, 10 young (10240K), 10 survivors (10240K)
 Metaspace       used 123428K, committed 124608K, reserved 1179648K
  class space    used 16487K, committed 17088K, reserved 1048576K
}
Event: 89.054 GC heap before
{Heap before GC invocations=69 (full 0):
 garbage-first heap   total 291840K, used 180795K [0x0000000080000000, 0x0000000100000000)
  region size 1024K, 14 young (14336K), 10 survivors (10240K)
 Metaspace       used 123453K, committed 124608K, reserved 1179648K
  class space    used 16489K, committed 17088K, reserved 1048576K
}
Event: 89.361 GC heap after
{Heap after GC invocations=70 (full 0):
 garbage-first heap   total 291840K, used 169538K [0x0000000080000000, 0x0000000100000000)
  region size 1024K, 2 young (2048K), 2 survivors (2048K)
 Metaspace       used 123453K, committed 124608K, reserved 1179648K
  class space    used 16489K, committed 17088K, reserved 1048576K
}
Event: 91.782 GC heap before
{Heap before GC invocations=70 (full 0):
 garbage-first heap   total 291840K, used 236098K [0x0000000080000000, 0x0000000100000000)
  region size 1024K, 68 young (69632K), 2 survivors (2048K)
 Metaspace       used 125321K, committed 126464K, reserved 1179648K
  class space    used 16721K, committed 17280K, reserved 1048576K
}

