# JRE version: Java(TM) SE Runtime Environment (17.0.12+8) (build 17.0.12+8-LTS-286)
# Java VM: Java HotSpot(TM) 64-Bit Server VM (17.0.12+8-LTS-286, mixed mode, sharing, tiered, compressed oops, compressed class ptrs, g1 gc, windows-amd64)
GC Precious Log:
 CPUs: 16 total, 16 available
 Memory: 14055M
 Large Page Support: Disabled
 NUMA Support: Disabled
 Compressed Oops: Enabled (32-bit)
 Heap Region Size: 1M
 Heap Min Capacity: 8M
 Heap Initial Capacity: 220M
 Heap Max Capacity: 2G
 Pre-touch: Disabled
 Parallel Workers: 13
 Concurrent Workers: 3
 Concurrent Refinement Workers: 13
 Periodic GC: Disabled
Heap:
 garbage-first heap   total 264192K, used 207927K [0x0000000080000000, 0x0000000100000000)
  region size 1024K, 28 young (28672K), 7 survivors (7168K)
 Metaspace       used 123716K, committed 124864K, reserved 1179648K
  class space    used 16212K, committed 16768K, reserved 1048576K
GC Heap History (20 events):
Event: 46.117 GC heap before
{Heap before GC invocations=41 (full 0):
 garbage-first heap   total 220160K, used 185121K [0x0000000080000000, 0x0000000100000000)
  region size 1024K, 52 young (53248K), 7 survivors (7168K)
 Metaspace       used 103396K, committed 104512K, reserved 1179648K
  class space    used 14287K, committed 14848K, reserved 1048576K
}
Event: 46.141 GC heap after
{Heap after GC invocations=42 (full 0):
 garbage-first heap   total 220160K, used 137770K [0x0000000080000000, 0x0000000100000000)
  region size 1024K, 4 young (4096K), 4 survivors (4096K)
 Metaspace       used 103396K, committed 104512K, reserved 1179648K
  class space    used 14287K, committed 14848K, reserved 1048576K
}
Event: 47.866 GC heap before
{Heap before GC invocations=42 (full 0):
 garbage-first heap   total 220160K, used 183850K [0x0000000080000000, 0x0000000100000000)
  region size 1024K, 48 young (49152K), 4 survivors (4096K)
 Metaspace       used 106829K, committed 107904K, reserved 1179648K
  class space    used 14560K, committed 15104K, reserved 1048576K
}
Event: 47.875 GC heap after
{Heap after GC invocations=43 (full 0):
 garbage-first heap   total 220160K, used 140425K [0x0000000080000000, 0x0000000100000000)
  region size 1024K, 6 young (6144K), 6 survivors (6144K)
 Metaspace       used 106829K, committed 107904K, reserved 1179648K
  class space    used 14560K, committed 15104K, reserved 1048576K
}
Event: 48.474 GC heap before
{Heap before GC invocations=43 (full 0):
 garbage-first heap   total 220160K, used 183433K [0x0000000080000000, 0x0000000100000000)
  region size 1024K, 49 young (50176K), 6 survivors (6144K)
 Metaspace       used 107357K, committed 108480K, reserved 1179648K
  class space    used 14589K, committed 15168K, reserved 1048576K
}
Event: 48.486 GC heap after
{Heap after GC invocations=44 (full 0):
 garbage-first heap   total 220160K, used 143084K [0x0000000080000000, 0x0000000100000000)
  region size 1024K, 7 young (7168K), 7 survivors (7168K)
 Metaspace       used 107357K, committed 108480K, reserved 1179648K
  class space    used 14589K, committed 15168K, reserved 1048576K
}
Event: 49.379 GC heap before
{Heap before GC invocations=44 (full 0):
 garbage-first heap   total 220160K, used 187116K [0x0000000080000000, 0x0000000100000000)
  region size 1024K, 47 young (48128K), 7 survivors (7168K)
 Metaspace       used 108039K, committed 109184K, reserved 1179648K
  class space    used 14684K, committed 15296K, reserved 1048576K
}
Event: 49.390 GC heap after
{Heap after GC invocations=45 (full 0):
 garbage-first heap   total 220160K, used 144668K [0x0000000080000000, 0x0000000100000000)
  region size 1024K, 2 young (2048K), 2 survivors (2048K)
 Metaspace       used 108039K, committed 109184K, reserved 1179648K
  class space    used 14684K, committed 15296K, reserved 1048576K
}
Event: 51.026 GC heap before
{Heap before GC invocations=45 (full 0):
 garbage-first heap   total 220160K, used 190748K [0x0000000080000000, 0x0000000100000000)
  region size 1024K, 42 young (43008K), 2 survivors (2048K)
 Metaspace       used 115534K, committed 116672K, reserved 1179648K
  class space    used 15495K, committed 16064K, reserved 1048576K
}
Event: 51.032 GC heap after
{Heap after GC invocations=46 (full 0):
 garbage-first heap   total 220160K, used 145709K [0x0000000080000000, 0x0000000100000000)
  region size 1024K, 3 young (3072K), 3 survivors (3072K)
 Metaspace       used 115534K, committed 116672K, reserved 1179648K
  class space    used 15495K, committed 16064K, reserved 1048576K
}
Event: 51.416 GC heap before
{Heap before GC invocations=46 (full 0):
 garbage-first heap   total 220160K, used 185645K [0x0000000080000000, 0x0000000100000000)
  region size 1024K, 43 young (44032K), 3 survivors (3072K)
 Metaspace       used 116644K, committed 117760K, reserved 1179648K
  class space    used 15638K, committed 16192K, reserved 1048576K
}
Event: 51.430 GC heap after
{Heap after GC invocations=47 (full 0):
 garbage-first heap   total 220160K, used 152292K [0x0000000080000000, 0x0000000100000000)
  region size 1024K, 6 young (6144K), 6 survivors (6144K)
 Metaspace       used 116644K, committed 117760K, reserved 1179648K
  class space    used 15638K, committed 16192K, reserved 1048576K
}
Event: 51.922 GC heap before
{Heap before GC invocations=47 (full 0):
 garbage-first heap   total 220160K, used 185060K [0x0000000080000000, 0x0000000100000000)
  region size 1024K, 39 young (39936K), 6 survivors (6144K)
 Metaspace       used 117014K, committed 118208K, reserved 1179648K
  class space    used 15680K, committed 16256K, reserved 1048576K
}
Event: 51.942 GC heap after
{Heap after GC invocations=48 (full 0):
 garbage-first heap   total 264192K, used 158660K [0x0000000080000000, 0x0000000100000000)
  region size 1024K, 5 young (5120K), 5 survivors (5120K)
 Metaspace       used 117014K, committed 118208K, reserved 1179648K
  class space    used 15680K, committed 16256K, reserved 1048576K
}
Event: 66.204 GC heap before
{Heap before GC invocations=48 (full 0):
 garbage-first heap   total 264192K, used 218052K [0x0000000080000000, 0x0000000100000000)
  region size 1024K, 62 young (63488K), 5 survivors (5120K)
 Metaspace       used 117697K, committed 118912K, reserved 1179648K
  class space    used 15731K, committed 16320K, reserved 1048576K
}
Event: 66.230 GC heap after
{Heap after GC invocations=49 (full 0):
 garbage-first heap   total 264192K, used 169428K [0x0000000080000000, 0x0000000100000000)
  region size 1024K, 8 young (8192K), 8 survivors (8192K)
 Metaspace       used 117697K, committed 118912K, reserved 1179648K
  class space    used 15731K, committed 16320K, reserved 1048576K
}
Event: 67.490 GC heap before
{Heap before GC invocations=49 (full 0):
 garbage-first heap   total 264192K, used 216532K [0x0000000080000000, 0x0000000100000000)
  region size 1024K, 55 young (56320K), 8 survivors (8192K)
 Metaspace       used 119052K, committed 120256K, reserved 1179648K
  class space    used 15853K, committed 16448K, reserved 1048576K
}
Event: 67.503 GC heap after
{Heap after GC invocations=50 (full 0):
 garbage-first heap   total 264192K, used 173894K [0x0000000080000000, 0x0000000100000000)
  region size 1024K, 7 young (7168K), 7 survivors (7168K)
 Metaspace       used 119052K, committed 120256K, reserved 1179648K
  class space    used 15853K, committed 16448K, reserved 1048576K
}
Event: 68.069 GC heap before
{Heap before GC invocations=50 (full 0):
 garbage-first heap   total 264192K, used 222022K [0x0000000080000000, 0x0000000100000000)
  region size 1024K, 49 young (50176K), 7 survivors (7168K)
 Metaspace       used 119961K, committed 121152K, reserved 1179648K
  class space    used 15929K, committed 16512K, reserved 1048576K
}
Event: 68.079 GC heap after
{Heap after GC invocations=51 (full 0):
 garbage-first heap   total 264192K, used 186423K [0x0000000080000000, 0x0000000100000000)
  region size 1024K, 7 young (7168K), 7 survivors (7168K)
 Metaspace       used 119961K, committed 121152K, reserved 1179648K
  class space    used 15929K, committed 16512K, reserved 1048576K
}

