# JRE version: Java(TM) SE Runtime Environment (17.0.12+8) (build 17.0.12+8-LTS-286)
# Java VM: Java HotSpot(TM) 64-Bit Server VM (17.0.12+8-LTS-286, mixed mode, sharing, tiered, compressed oops, compressed class ptrs, g1 gc, windows-amd64)
GC Precious Log:
 CPUs: 16 total, 16 available
 Memory: 14055M
 Large Page Support: Disabled
 NUMA Support: Disabled
 Compressed Oops: Enabled (32-bit)
 Heap Region Size: 1M
 Heap Min Capacity: 8M
 Heap Initial Capacity: 220M
 Heap Max Capacity: 2G
 Pre-touch: Disabled
 Parallel Workers: 13
 Concurrent Workers: 3
 Concurrent Refinement Workers: 13
 Periodic GC: Disabled
Heap:
 garbage-first heap   total 229376K, used 182724K [0x0000000080000000, 0x0000000100000000)
  region size 1024K, 38 young (38912K), 3 survivors (3072K)
 Metaspace       used 109320K, committed 110400K, reserved 1179648K
  class space    used 14979K, committed 15488K, reserved 1048576K
GC Heap History (20 events):
Event: 20.300 GC heap before
{Heap before GC invocations=31 (full 0):
 garbage-first heap   total 229376K, used 186740K [0x0000000080000000, 0x0000000100000000)
  region size 1024K, 98 young (100352K), 10 survivors (10240K)
 Metaspace       used 84078K, committed 84864K, reserved 1179648K
  class space    used 11720K, committed 12096K, reserved 1048576K
}
Event: 20.316 GC heap after
{Heap after GC invocations=32 (full 0):
 garbage-first heap   total 229376K, used 100826K [0x0000000080000000, 0x0000000100000000)
  region size 1024K, 8 young (8192K), 8 survivors (8192K)
 Metaspace       used 84078K, committed 84864K, reserved 1179648K
  class space    used 11720K, committed 12096K, reserved 1048576K
}
Event: 21.465 GC heap before
{Heap before GC invocations=32 (full 0):
 garbage-first heap   total 229376K, used 163290K [0x0000000080000000, 0x0000000100000000)
  region size 1024K, 70 young (71680K), 8 survivors (8192K)
 Metaspace       used 85436K, committed 86208K, reserved 1179648K
  class space    used 11928K, committed 12288K, reserved 1048576K
}
Event: 21.476 GC heap after
{Heap after GC invocations=33 (full 0):
 garbage-first heap   total 229376K, used 107969K [0x0000000080000000, 0x0000000100000000)
  region size 1024K, 12 young (12288K), 12 survivors (12288K)
 Metaspace       used 85436K, committed 86208K, reserved 1179648K
  class space    used 11928K, committed 12288K, reserved 1048576K
}
Event: 23.293 GC heap before
{Heap before GC invocations=34 (full 0):
 garbage-first heap   total 229376K, used 184769K [0x0000000080000000, 0x0000000100000000)
  region size 1024K, 87 young (89088K), 12 survivors (12288K)
 Metaspace       used 86051K, committed 86912K, reserved 1179648K
  class space    used 11994K, committed 12416K, reserved 1048576K
}
Event: 23.306 GC heap after
{Heap after GC invocations=35 (full 0):
 garbage-first heap   total 229376K, used 115511K [0x0000000080000000, 0x0000000100000000)
  region size 1024K, 10 young (10240K), 10 survivors (10240K)
 Metaspace       used 86051K, committed 86912K, reserved 1179648K
  class space    used 11994K, committed 12416K, reserved 1048576K
}
Event: 23.338 GC heap before
{Heap before GC invocations=35 (full 0):
 garbage-first heap   total 229376K, used 116535K [0x0000000080000000, 0x0000000100000000)
  region size 1024K, 11 young (11264K), 10 survivors (10240K)
 Metaspace       used 86061K, committed 86912K, reserved 1179648K
  class space    used 11994K, committed 12416K, reserved 1048576K
}
Event: 23.346 GC heap after
{Heap after GC invocations=36 (full 0):
 garbage-first heap   total 229376K, used 115545K [0x0000000080000000, 0x0000000100000000)
  region size 1024K, 2 young (2048K), 2 survivors (2048K)
 Metaspace       used 86061K, committed 86912K, reserved 1179648K
  class space    used 11994K, committed 12416K, reserved 1048576K
}
Event: 25.135 GC heap before
{Heap before GC invocations=36 (full 0):
 garbage-first heap   total 229376K, used 184153K [0x0000000080000000, 0x0000000100000000)
  region size 1024K, 69 young (70656K), 2 survivors (2048K)
 Metaspace       used 88674K, committed 89600K, reserved 1179648K
  class space    used 12353K, committed 12800K, reserved 1048576K
}
Event: 25.143 GC heap after
{Heap after GC invocations=37 (full 0):
 garbage-first heap   total 229376K, used 120779K [0x0000000080000000, 0x0000000100000000)
  region size 1024K, 7 young (7168K), 7 survivors (7168K)
 Metaspace       used 88674K, committed 89600K, reserved 1179648K
  class space    used 12353K, committed 12800K, reserved 1048576K
}
Event: 26.779 GC heap before
{Heap before GC invocations=37 (full 0):
 garbage-first heap   total 229376K, used 185291K [0x0000000080000000, 0x0000000100000000)
  region size 1024K, 70 young (71680K), 7 survivors (7168K)
 Metaspace       used 93424K, committed 94400K, reserved 1179648K
  class space    used 13014K, committed 13504K, reserved 1048576K
}
Event: 26.787 GC heap after
{Heap after GC invocations=38 (full 0):
 garbage-first heap   total 229376K, used 124839K [0x0000000080000000, 0x0000000100000000)
  region size 1024K, 5 young (5120K), 5 survivors (5120K)
 Metaspace       used 93424K, committed 94400K, reserved 1179648K
  class space    used 13014K, committed 13504K, reserved 1048576K
}
Event: 28.288 GC heap before
{Heap before GC invocations=38 (full 0):
 garbage-first heap   total 229376K, used 187303K [0x0000000080000000, 0x0000000100000000)
  region size 1024K, 66 young (67584K), 5 survivors (5120K)
 Metaspace       used 96044K, committed 96960K, reserved 1179648K
  class space    used 13449K, committed 13888K, reserved 1048576K
}
Event: 28.299 GC heap after
{Heap after GC invocations=39 (full 0):
 garbage-first heap   total 229376K, used 131243K [0x0000000080000000, 0x0000000100000000)
  region size 1024K, 9 young (9216K), 9 survivors (9216K)
 Metaspace       used 96044K, committed 96960K, reserved 1179648K
  class space    used 13449K, committed 13888K, reserved 1048576K
}
Event: 29.598 GC heap before
{Heap before GC invocations=39 (full 0):
 garbage-first heap   total 229376K, used 187563K [0x0000000080000000, 0x0000000100000000)
  region size 1024K, 65 young (66560K), 9 survivors (9216K)
 Metaspace       used 96858K, committed 97856K, reserved 1179648K
  class space    used 13552K, committed 14016K, reserved 1048576K
}
Event: 29.606 GC heap after
{Heap after GC invocations=40 (full 0):
 garbage-first heap   total 229376K, used 135919K [0x0000000080000000, 0x0000000100000000)
  region size 1024K, 7 young (7168K), 7 survivors (7168K)
 Metaspace       used 96858K, committed 97856K, reserved 1179648K
  class space    used 13552K, committed 14016K, reserved 1048576K
}
Event: 42.390 GC heap before
{Heap before GC invocations=40 (full 0):
 garbage-first heap   total 229376K, used 187119K [0x0000000080000000, 0x0000000100000000)
  region size 1024K, 58 young (59392K), 7 survivors (7168K)
 Metaspace       used 100737K, committed 101760K, reserved 1179648K
  class space    used 14042K, committed 14528K, reserved 1048576K
}
Event: 42.403 GC heap after
{Heap after GC invocations=41 (full 0):
 garbage-first heap   total 229376K, used 140170K [0x0000000080000000, 0x0000000100000000)
  region size 1024K, 7 young (7168K), 7 survivors (7168K)
 Metaspace       used 100737K, committed 101760K, reserved 1179648K
  class space    used 14042K, committed 14528K, reserved 1048576K
}
Event: 43.303 GC heap before
{Heap before GC invocations=41 (full 0):
 garbage-first heap   total 229376K, used 192394K [0x0000000080000000, 0x0000000100000000)
  region size 1024K, 54 young (55296K), 7 survivors (7168K)
 Metaspace       used 104274K, committed 105280K, reserved 1179648K
  class space    used 14413K, committed 14912K, reserved 1048576K
}
Event: 43.309 GC heap after
{Heap after GC invocations=42 (full 0):
 garbage-first heap   total 229376K, used 142788K [0x0000000080000000, 0x0000000100000000)
  region size 1024K, 3 young (3072K), 3 survivors (3072K)
 Metaspace       used 104274K, committed 105280K, reserved 1179648K
  class space    used 14413K, committed 14912K, reserved 1048576K
}

